<?xml version="1.0" encoding="UTF-8"?>
<!-- Generated by org.testng.reporters.JUnitXMLReporter -->
<testsuite ignored="0" hostname="LAPTOP-ELLCCCK3" failures="1" tests="1" name="Test" time="14.25" errors="0" timestamp="2024-10-09T09:20:05 IST">
  <testcase classname="coverfoxTEST.TC555_CoverFox_BannerCount" name="validateation" time="0.108">
    <failure type="java.lang.AssertionError" message="null">
      <![CDATA[java.lang.AssertionError: null
at coverfoxTEST.TC555_CoverFox_BannerCount.validateation(TC555_CoverFox_BannerCount.java:63)
at java.base/java.util.ArrayList.forEach(ArrayList.java:1597)
... Removed 27 stack frames]]>
    </failure>
  </testcase> <!-- validateation -->
</testsuite> <!-- Test -->
